<?xml version="1.0" encoding="UTF-8"?>
<testsuite xmlns:xsi="http://www.w3.org/2001/XMLSchema-instance" xsi:noNamespaceSchemaLocation="https://maven.apache.org/surefire/maven-surefire-plugin/xsd/surefire-test-report.xsd" name="org.techlab.labxpert.service.serviceImp.NormeServiceTest" time="0.16" tests="5" errors="0" skipped="0" failures="0">
  <properties>
[...]
</properties>
  <testcase name="showNorme" classname="org.techlab.labxpert.service.serviceImp.NormeServiceTest" time="0.053"/>
  <testcase name="addNorme" classname="org.techlab.labxpert.service.serviceImp.NormeServiceTest" time="0.034"/>
  <testcase name="showNormes" classname="org.techlab.labxpert.service.serviceImp.NormeServiceTest" time="0.017"/>
  <testcase name="delNorme" classname="org.techlab.labxpert.service.serviceImp.NormeServiceTest" time="0.021"/>
  <testcase name="showNormewithId" classname="org.techlab.labxpert.service.serviceImp.NormeServiceTest" time="0.017"/>
</testsuite>